{"D:\\Documents\\LIM009-FE-burger-queen-api\\controllers\\products.js": {"path":"D:\\Documents\\LIM009-FE-burger-queen-api\\controllers\\products.js","statementMap":{"0":{"start":{"line":1,"column":17},"end":{"line":1,"column":51}},"1":{"start":{"line":2,"column":19},"end":{"line":2,"column":49}},"2":{"start":{"line":4,"column":0},"end":{"line":13,"column":1}},"3":{"start":{"line":5,"column":20},"end":{"line":5,"column":51}},"4":{"start":{"line":6,"column":15},"end":{"line":6,"column":44}},"5":{"start":{"line":7,"column":20},"end":{"line":7,"column":69}},"6":{"start":{"line":8,"column":4},"end":{"line":10,"column":7}},"7":{"start":{"line":9,"column":8},"end":{"line":9,"column":72}},"8":{"start":{"line":11,"column":19},"end":{"line":11,"column":93}},"9":{"start":{"line":12,"column":4},"end":{"line":12,"column":29}},"10":{"start":{"line":15,"column":0},"end":{"line":22,"column":1}},"11":{"start":{"line":16,"column":4},"end":{"line":21,"column":6}},"12":{"start":{"line":17,"column":8},"end":{"line":19,"column":9}},"13":{"start":{"line":18,"column":12},"end":{"line":18,"column":28}},"14":{"start":{"line":20,"column":8},"end":{"line":20,"column":31}},"15":{"start":{"line":24,"column":0},"end":{"line":43,"column":1}},"16":{"start":{"line":25,"column":4},"end":{"line":42,"column":5}},"17":{"start":{"line":26,"column":8},"end":{"line":28,"column":9}},"18":{"start":{"line":27,"column":12},"end":{"line":27,"column":28}},"19":{"start":{"line":30,"column":25},"end":{"line":35,"column":10}},"20":{"start":{"line":37,"column":28},"end":{"line":37,"column":51}},"21":{"start":{"line":38,"column":8},"end":{"line":38,"column":38}},"22":{"start":{"line":41,"column":8},"end":{"line":41,"column":24}},"23":{"start":{"line":46,"column":0},"end":{"line":73,"column":1}},"24":{"start":{"line":47,"column":4},"end":{"line":49,"column":5}},"25":{"start":{"line":48,"column":8},"end":{"line":48,"column":24}},"26":{"start":{"line":50,"column":4},"end":{"line":72,"column":6}},"27":{"start":{"line":51,"column":8},"end":{"line":53,"column":9}},"28":{"start":{"line":52,"column":12},"end":{"line":52,"column":28}},"29":{"start":{"line":54,"column":8},"end":{"line":56,"column":9}},"30":{"start":{"line":55,"column":12},"end":{"line":55,"column":44}},"31":{"start":{"line":57,"column":8},"end":{"line":59,"column":9}},"32":{"start":{"line":58,"column":12},"end":{"line":58,"column":46}},"33":{"start":{"line":60,"column":8},"end":{"line":62,"column":9}},"34":{"start":{"line":61,"column":12},"end":{"line":61,"column":46}},"35":{"start":{"line":63,"column":8},"end":{"line":65,"column":9}},"36":{"start":{"line":64,"column":12},"end":{"line":64,"column":44}},"37":{"start":{"line":66,"column":8},"end":{"line":71,"column":11}},"38":{"start":{"line":67,"column":12},"end":{"line":69,"column":13}},"39":{"start":{"line":68,"column":16},"end":{"line":68,"column":32}},"40":{"start":{"line":70,"column":12},"end":{"line":70,"column":36}},"41":{"start":{"line":75,"column":0},"end":{"line":86,"column":1}},"42":{"start":{"line":76,"column":4},"end":{"line":84,"column":6}},"43":{"start":{"line":77,"column":8},"end":{"line":79,"column":9}},"44":{"start":{"line":78,"column":12},"end":{"line":78,"column":28}},"45":{"start":{"line":81,"column":8},"end":{"line":83,"column":11}}},"fnMap":{"0":{"name":"(anonymous_0)","decl":{"start":{"line":4,"column":29},"end":{"line":4,"column":30}},"loc":{"start":{"line":4,"column":55},"end":{"line":13,"column":1}},"line":4},"1":{"name":"(anonymous_1)","decl":{"start":{"line":8,"column":33},"end":{"line":8,"column":34}},"loc":{"start":{"line":8,"column":45},"end":{"line":10,"column":5}},"line":8},"2":{"name":"(anonymous_2)","decl":{"start":{"line":15,"column":32},"end":{"line":15,"column":33}},"loc":{"start":{"line":15,"column":53},"end":{"line":22,"column":1}},"line":15},"3":{"name":"(anonymous_3)","decl":{"start":{"line":16,"column":52},"end":{"line":16,"column":53}},"loc":{"start":{"line":16,"column":74},"end":{"line":21,"column":5}},"line":16},"4":{"name":"(anonymous_4)","decl":{"start":{"line":24,"column":29},"end":{"line":24,"column":30}},"loc":{"start":{"line":24,"column":55},"end":{"line":43,"column":1}},"line":24},"5":{"name":"(anonymous_5)","decl":{"start":{"line":46,"column":32},"end":{"line":46,"column":33}},"loc":{"start":{"line":46,"column":53},"end":{"line":73,"column":1}},"line":46},"6":{"name":"(anonymous_6)","decl":{"start":{"line":50,"column":52},"end":{"line":50,"column":53}},"loc":{"start":{"line":50,"column":74},"end":{"line":72,"column":5}},"line":50},"7":{"name":"(anonymous_7)","decl":{"start":{"line":66,"column":25},"end":{"line":66,"column":26}},"loc":{"start":{"line":66,"column":49},"end":{"line":71,"column":9}},"line":66},"8":{"name":"(anonymous_8)","decl":{"start":{"line":75,"column":35},"end":{"line":75,"column":36}},"loc":{"start":{"line":75,"column":56},"end":{"line":86,"column":1}},"line":75},"9":{"name":"(anonymous_9)","decl":{"start":{"line":76,"column":53},"end":{"line":76,"column":54}},"loc":{"start":{"line":76,"column":71},"end":{"line":84,"column":5}},"line":76}},"branchMap":{"0":{"loc":{"start":{"line":5,"column":20},"end":{"line":5,"column":51}},"type":"binary-expr","locations":[{"start":{"line":5,"column":20},"end":{"line":5,"column":45}},{"start":{"line":5,"column":49},"end":{"line":5,"column":51}}],"line":5},"1":{"loc":{"start":{"line":6,"column":15},"end":{"line":6,"column":44}},"type":"binary-expr","locations":[{"start":{"line":6,"column":15},"end":{"line":6,"column":39}},{"start":{"line":6,"column":43},"end":{"line":6,"column":44}}],"line":6},"2":{"loc":{"start":{"line":17,"column":8},"end":{"line":19,"column":9}},"type":"if","locations":[{"start":{"line":17,"column":8},"end":{"line":19,"column":9}},{"start":{"line":17,"column":8},"end":{"line":19,"column":9}}],"line":17},"3":{"loc":{"start":{"line":17,"column":12},"end":{"line":17,"column":31}},"type":"binary-expr","locations":[{"start":{"line":17,"column":12},"end":{"line":17,"column":15}},{"start":{"line":17,"column":19},"end":{"line":17,"column":31}}],"line":17},"4":{"loc":{"start":{"line":26,"column":8},"end":{"line":28,"column":9}},"type":"if","locations":[{"start":{"line":26,"column":8},"end":{"line":28,"column":9}},{"start":{"line":26,"column":8},"end":{"line":28,"column":9}}],"line":26},"5":{"loc":{"start":{"line":26,"column":12},"end":{"line":26,"column":45}},"type":"binary-expr","locations":[{"start":{"line":26,"column":12},"end":{"line":26,"column":26}},{"start":{"line":26,"column":30},"end":{"line":26,"column":45}}],"line":26},"6":{"loc":{"start":{"line":47,"column":4},"end":{"line":49,"column":5}},"type":"if","locations":[{"start":{"line":47,"column":4},"end":{"line":49,"column":5}},{"start":{"line":47,"column":4},"end":{"line":49,"column":5}}],"line":47},"7":{"loc":{"start":{"line":51,"column":8},"end":{"line":53,"column":9}},"type":"if","locations":[{"start":{"line":51,"column":8},"end":{"line":53,"column":9}},{"start":{"line":51,"column":8},"end":{"line":53,"column":9}}],"line":51},"8":{"loc":{"start":{"line":54,"column":8},"end":{"line":56,"column":9}},"type":"if","locations":[{"start":{"line":54,"column":8},"end":{"line":56,"column":9}},{"start":{"line":54,"column":8},"end":{"line":56,"column":9}}],"line":54},"9":{"loc":{"start":{"line":57,"column":8},"end":{"line":59,"column":9}},"type":"if","locations":[{"start":{"line":57,"column":8},"end":{"line":59,"column":9}},{"start":{"line":57,"column":8},"end":{"line":59,"column":9}}],"line":57},"10":{"loc":{"start":{"line":60,"column":8},"end":{"line":62,"column":9}},"type":"if","locations":[{"start":{"line":60,"column":8},"end":{"line":62,"column":9}},{"start":{"line":60,"column":8},"end":{"line":62,"column":9}}],"line":60},"11":{"loc":{"start":{"line":63,"column":8},"end":{"line":65,"column":9}},"type":"if","locations":[{"start":{"line":63,"column":8},"end":{"line":65,"column":9}},{"start":{"line":63,"column":8},"end":{"line":65,"column":9}}],"line":63},"12":{"loc":{"start":{"line":67,"column":12},"end":{"line":69,"column":13}},"type":"if","locations":[{"start":{"line":67,"column":12},"end":{"line":69,"column":13}},{"start":{"line":67,"column":12},"end":{"line":69,"column":13}}],"line":67},"13":{"loc":{"start":{"line":77,"column":8},"end":{"line":79,"column":9}},"type":"if","locations":[{"start":{"line":77,"column":8},"end":{"line":79,"column":9}},{"start":{"line":77,"column":8},"end":{"line":79,"column":9}}],"line":77}},"s":{"0":1,"1":1,"2":1,"3":1,"4":1,"5":1,"6":1,"7":1,"8":1,"9":1,"10":1,"11":2,"12":2,"13":2,"14":0,"15":1,"16":6,"17":6,"18":2,"19":4,"20":4,"21":4,"22":0,"23":1,"24":2,"25":1,"26":1,"27":1,"28":1,"29":0,"30":0,"31":0,"32":0,"33":0,"34":0,"35":0,"36":0,"37":0,"38":0,"39":0,"40":0,"41":1,"42":0,"43":0,"44":0,"45":0},"f":{"0":1,"1":1,"2":2,"3":2,"4":6,"5":2,"6":1,"7":0,"8":0,"9":0},"b":{"0":[1,0],"1":[1,0],"2":[2,0],"3":[2,1],"4":[2,4],"5":[6,5],"6":[1,1],"7":[1,0],"8":[0,0],"9":[0,0],"10":[0,0],"11":[0,0],"12":[0,0],"13":[0,0]},"_coverageSchema":"43e27e138ebf9cfc5966b082cf9a028302ed4184","hash":"b0cafce5db2785b62288c929a5806b39baa3d95e"}
,"D:\\Documents\\LIM009-FE-burger-queen-api\\models\\modelProducts.js": {"path":"D:\\Documents\\LIM009-FE-burger-queen-api\\models\\modelProducts.js","statementMap":{"0":{"start":{"line":1,"column":17},"end":{"line":1,"column":36}},"1":{"start":{"line":2,"column":15},"end":{"line":2,"column":30}},"2":{"start":{"line":4,"column":17},"end":{"line":26,"column":2}},"3":{"start":{"line":28,"column":0},"end":{"line":28,"column":54}}},"fnMap":{},"branchMap":{},"s":{"0":1,"1":1,"2":1,"3":1},"f":{},"b":{},"_coverageSchema":"43e27e138ebf9cfc5966b082cf9a028302ed4184","hash":"a177de451d8fae974811764376ef42a4046950c2"}
,"D:\\Documents\\LIM009-FE-burger-queen-api\\utils\\pagination.js": {"path":"D:\\Documents\\LIM009-FE-burger-queen-api\\utils\\pagination.js","statementMap":{"0":{"start":{"line":1,"column":0},"end":{"line":7,"column":1}},"1":{"start":{"line":2,"column":17},"end":{"line":2,"column":97}},"2":{"start":{"line":3,"column":17},"end":{"line":3,"column":67}},"3":{"start":{"line":4,"column":18},"end":{"line":4,"column":62}},"4":{"start":{"line":5,"column":17},"end":{"line":5,"column":66}},"5":{"start":{"line":6,"column":4},"end":{"line":6,"column":131}}},"fnMap":{"0":{"name":"(anonymous_0)","decl":{"start":{"line":1,"column":17},"end":{"line":1,"column":18}},"loc":{"start":{"line":1,"column":47},"end":{"line":7,"column":1}},"line":1}},"branchMap":{"0":{"loc":{"start":{"line":2,"column":40},"end":{"line":2,"column":95}},"type":"cond-expr","locations":[{"start":{"line":2,"column":62},"end":{"line":2,"column":68}},{"start":{"line":2,"column":70},"end":{"line":2,"column":95}}],"line":2},"1":{"loc":{"start":{"line":4,"column":41},"end":{"line":4,"column":60}},"type":"cond-expr","locations":[{"start":{"line":4,"column":52},"end":{"line":4,"column":53}},{"start":{"line":4,"column":56},"end":{"line":4,"column":60}}],"line":4},"2":{"loc":{"start":{"line":5,"column":40},"end":{"line":5,"column":64}},"type":"cond-expr","locations":[{"start":{"line":5,"column":52},"end":{"line":5,"column":60}},{"start":{"line":5,"column":63},"end":{"line":5,"column":64}}],"line":5}},"s":{"0":1,"1":1,"2":1,"3":1,"4":1,"5":1},"f":{"0":1},"b":{"0":[0,1],"1":[0,1],"2":[0,1]},"_coverageSchema":"43e27e138ebf9cfc5966b082cf9a028302ed4184","hash":"5316da98bcbcaea778fdc946316476d474bdf3cd"}
}
