{"D:\\Documents\\LIM009-FE-burger-queen-api\\controllers\\products.js": {"path":"D:\\Documents\\LIM009-FE-burger-queen-api\\controllers\\products.js","statementMap":{"0":{"start":{"line":1,"column":17},"end":{"line":1,"column":51}},"1":{"start":{"line":2,"column":19},"end":{"line":2,"column":49}},"2":{"start":{"line":4,"column":0},"end":{"line":13,"column":1}},"3":{"start":{"line":5,"column":20},"end":{"line":5,"column":51}},"4":{"start":{"line":6,"column":15},"end":{"line":6,"column":44}},"5":{"start":{"line":7,"column":20},"end":{"line":7,"column":69}},"6":{"start":{"line":8,"column":4},"end":{"line":10,"column":7}},"7":{"start":{"line":9,"column":8},"end":{"line":9,"column":72}},"8":{"start":{"line":11,"column":19},"end":{"line":11,"column":93}},"9":{"start":{"line":12,"column":4},"end":{"line":12,"column":29}},"10":{"start":{"line":15,"column":0},"end":{"line":22,"column":1}},"11":{"start":{"line":16,"column":4},"end":{"line":21,"column":6}},"12":{"start":{"line":17,"column":8},"end":{"line":19,"column":9}},"13":{"start":{"line":18,"column":12},"end":{"line":18,"column":28}},"14":{"start":{"line":20,"column":8},"end":{"line":20,"column":31}},"15":{"start":{"line":24,"column":0},"end":{"line":44,"column":1}},"16":{"start":{"line":25,"column":4},"end":{"line":43,"column":5}},"17":{"start":{"line":26,"column":8},"end":{"line":28,"column":9}},"18":{"start":{"line":27,"column":12},"end":{"line":27,"column":28}},"19":{"start":{"line":31,"column":25},"end":{"line":36,"column":10}},"20":{"start":{"line":38,"column":28},"end":{"line":38,"column":51}},"21":{"start":{"line":39,"column":8},"end":{"line":39,"column":38}},"22":{"start":{"line":42,"column":8},"end":{"line":42,"column":24}},"23":{"start":{"line":47,"column":0},"end":{"line":74,"column":1}},"24":{"start":{"line":48,"column":4},"end":{"line":50,"column":5}},"25":{"start":{"line":49,"column":8},"end":{"line":49,"column":24}},"26":{"start":{"line":51,"column":4},"end":{"line":73,"column":6}},"27":{"start":{"line":52,"column":8},"end":{"line":54,"column":9}},"28":{"start":{"line":53,"column":12},"end":{"line":53,"column":28}},"29":{"start":{"line":55,"column":8},"end":{"line":57,"column":9}},"30":{"start":{"line":56,"column":12},"end":{"line":56,"column":44}},"31":{"start":{"line":58,"column":8},"end":{"line":60,"column":9}},"32":{"start":{"line":59,"column":12},"end":{"line":59,"column":46}},"33":{"start":{"line":61,"column":8},"end":{"line":63,"column":9}},"34":{"start":{"line":62,"column":12},"end":{"line":62,"column":46}},"35":{"start":{"line":64,"column":8},"end":{"line":66,"column":9}},"36":{"start":{"line":65,"column":12},"end":{"line":65,"column":44}},"37":{"start":{"line":67,"column":8},"end":{"line":72,"column":11}},"38":{"start":{"line":68,"column":12},"end":{"line":70,"column":13}},"39":{"start":{"line":69,"column":16},"end":{"line":69,"column":32}},"40":{"start":{"line":71,"column":12},"end":{"line":71,"column":36}},"41":{"start":{"line":76,"column":0},"end":{"line":87,"column":1}},"42":{"start":{"line":77,"column":4},"end":{"line":85,"column":6}},"43":{"start":{"line":78,"column":8},"end":{"line":80,"column":9}},"44":{"start":{"line":79,"column":12},"end":{"line":79,"column":28}},"45":{"start":{"line":82,"column":8},"end":{"line":84,"column":11}}},"fnMap":{"0":{"name":"(anonymous_0)","decl":{"start":{"line":4,"column":29},"end":{"line":4,"column":30}},"loc":{"start":{"line":4,"column":55},"end":{"line":13,"column":1}},"line":4},"1":{"name":"(anonymous_1)","decl":{"start":{"line":8,"column":33},"end":{"line":8,"column":34}},"loc":{"start":{"line":8,"column":45},"end":{"line":10,"column":5}},"line":8},"2":{"name":"(anonymous_2)","decl":{"start":{"line":15,"column":32},"end":{"line":15,"column":33}},"loc":{"start":{"line":15,"column":53},"end":{"line":22,"column":1}},"line":15},"3":{"name":"(anonymous_3)","decl":{"start":{"line":16,"column":52},"end":{"line":16,"column":53}},"loc":{"start":{"line":16,"column":74},"end":{"line":21,"column":5}},"line":16},"4":{"name":"(anonymous_4)","decl":{"start":{"line":24,"column":29},"end":{"line":24,"column":30}},"loc":{"start":{"line":24,"column":55},"end":{"line":44,"column":1}},"line":24},"5":{"name":"(anonymous_5)","decl":{"start":{"line":47,"column":32},"end":{"line":47,"column":33}},"loc":{"start":{"line":47,"column":53},"end":{"line":74,"column":1}},"line":47},"6":{"name":"(anonymous_6)","decl":{"start":{"line":51,"column":52},"end":{"line":51,"column":53}},"loc":{"start":{"line":51,"column":74},"end":{"line":73,"column":5}},"line":51},"7":{"name":"(anonymous_7)","decl":{"start":{"line":67,"column":25},"end":{"line":67,"column":26}},"loc":{"start":{"line":67,"column":49},"end":{"line":72,"column":9}},"line":67},"8":{"name":"(anonymous_8)","decl":{"start":{"line":76,"column":35},"end":{"line":76,"column":36}},"loc":{"start":{"line":76,"column":56},"end":{"line":87,"column":1}},"line":76},"9":{"name":"(anonymous_9)","decl":{"start":{"line":77,"column":53},"end":{"line":77,"column":54}},"loc":{"start":{"line":77,"column":71},"end":{"line":85,"column":5}},"line":77}},"branchMap":{"0":{"loc":{"start":{"line":5,"column":20},"end":{"line":5,"column":51}},"type":"binary-expr","locations":[{"start":{"line":5,"column":20},"end":{"line":5,"column":45}},{"start":{"line":5,"column":49},"end":{"line":5,"column":51}}],"line":5},"1":{"loc":{"start":{"line":6,"column":15},"end":{"line":6,"column":44}},"type":"binary-expr","locations":[{"start":{"line":6,"column":15},"end":{"line":6,"column":39}},{"start":{"line":6,"column":43},"end":{"line":6,"column":44}}],"line":6},"2":{"loc":{"start":{"line":17,"column":8},"end":{"line":19,"column":9}},"type":"if","locations":[{"start":{"line":17,"column":8},"end":{"line":19,"column":9}},{"start":{"line":17,"column":8},"end":{"line":19,"column":9}}],"line":17},"3":{"loc":{"start":{"line":17,"column":12},"end":{"line":17,"column":31}},"type":"binary-expr","locations":[{"start":{"line":17,"column":12},"end":{"line":17,"column":15}},{"start":{"line":17,"column":19},"end":{"line":17,"column":31}}],"line":17},"4":{"loc":{"start":{"line":26,"column":8},"end":{"line":28,"column":9}},"type":"if","locations":[{"start":{"line":26,"column":8},"end":{"line":28,"column":9}},{"start":{"line":26,"column":8},"end":{"line":28,"column":9}}],"line":26},"5":{"loc":{"start":{"line":26,"column":12},"end":{"line":26,"column":45}},"type":"binary-expr","locations":[{"start":{"line":26,"column":12},"end":{"line":26,"column":26}},{"start":{"line":26,"column":30},"end":{"line":26,"column":45}}],"line":26},"6":{"loc":{"start":{"line":48,"column":4},"end":{"line":50,"column":5}},"type":"if","locations":[{"start":{"line":48,"column":4},"end":{"line":50,"column":5}},{"start":{"line":48,"column":4},"end":{"line":50,"column":5}}],"line":48},"7":{"loc":{"start":{"line":52,"column":8},"end":{"line":54,"column":9}},"type":"if","locations":[{"start":{"line":52,"column":8},"end":{"line":54,"column":9}},{"start":{"line":52,"column":8},"end":{"line":54,"column":9}}],"line":52},"8":{"loc":{"start":{"line":55,"column":8},"end":{"line":57,"column":9}},"type":"if","locations":[{"start":{"line":55,"column":8},"end":{"line":57,"column":9}},{"start":{"line":55,"column":8},"end":{"line":57,"column":9}}],"line":55},"9":{"loc":{"start":{"line":58,"column":8},"end":{"line":60,"column":9}},"type":"if","locations":[{"start":{"line":58,"column":8},"end":{"line":60,"column":9}},{"start":{"line":58,"column":8},"end":{"line":60,"column":9}}],"line":58},"10":{"loc":{"start":{"line":61,"column":8},"end":{"line":63,"column":9}},"type":"if","locations":[{"start":{"line":61,"column":8},"end":{"line":63,"column":9}},{"start":{"line":61,"column":8},"end":{"line":63,"column":9}}],"line":61},"11":{"loc":{"start":{"line":64,"column":8},"end":{"line":66,"column":9}},"type":"if","locations":[{"start":{"line":64,"column":8},"end":{"line":66,"column":9}},{"start":{"line":64,"column":8},"end":{"line":66,"column":9}}],"line":64},"12":{"loc":{"start":{"line":68,"column":12},"end":{"line":70,"column":13}},"type":"if","locations":[{"start":{"line":68,"column":12},"end":{"line":70,"column":13}},{"start":{"line":68,"column":12},"end":{"line":70,"column":13}}],"line":68},"13":{"loc":{"start":{"line":78,"column":8},"end":{"line":80,"column":9}},"type":"if","locations":[{"start":{"line":78,"column":8},"end":{"line":80,"column":9}},{"start":{"line":78,"column":8},"end":{"line":80,"column":9}}],"line":78}},"s":{"0":1,"1":1,"2":1,"3":1,"4":1,"5":1,"6":1,"7":1,"8":1,"9":1,"10":1,"11":2,"12":2,"13":2,"14":0,"15":1,"16":6,"17":6,"18":2,"19":4,"20":4,"21":4,"22":0,"23":1,"24":2,"25":1,"26":1,"27":1,"28":1,"29":0,"30":0,"31":0,"32":0,"33":0,"34":0,"35":0,"36":0,"37":0,"38":0,"39":0,"40":0,"41":1,"42":0,"43":0,"44":0,"45":0},"f":{"0":1,"1":1,"2":2,"3":2,"4":6,"5":2,"6":1,"7":0,"8":0,"9":0},"b":{"0":[1,0],"1":[1,0],"2":[2,0],"3":[2,1],"4":[2,4],"5":[6,5],"6":[1,1],"7":[1,0],"8":[0,0],"9":[0,0],"10":[0,0],"11":[0,0],"12":[0,0],"13":[0,0]},"_coverageSchema":"43e27e138ebf9cfc5966b082cf9a028302ed4184","hash":"09674d11e6d2d04d697746b9c00352843f85c035"}
,"D:\\Documents\\LIM009-FE-burger-queen-api\\controllers\\users.js": {"path":"D:\\Documents\\LIM009-FE-burger-queen-api\\controllers\\users.js","statementMap":{"0":{"start":{"line":1,"column":15},"end":{"line":1,"column":32}},"1":{"start":{"line":2,"column":14},"end":{"line":2,"column":45}},"2":{"start":{"line":3,"column":19},"end":{"line":3,"column":49}},"3":{"start":{"line":4,"column":23},"end":{"line":4,"column":48}},"4":{"start":{"line":5,"column":20},"end":{"line":5,"column":49}},"5":{"start":{"line":7,"column":0},"end":{"line":16,"column":1}},"6":{"start":{"line":8,"column":20},"end":{"line":8,"column":51}},"7":{"start":{"line":9,"column":15},"end":{"line":9,"column":44}},"8":{"start":{"line":10,"column":20},"end":{"line":10,"column":69}},"9":{"start":{"line":11,"column":4},"end":{"line":13,"column":7}},"10":{"start":{"line":12,"column":8},"end":{"line":12,"column":72}},"11":{"start":{"line":14,"column":19},"end":{"line":14,"column":90}},"12":{"start":{"line":15,"column":4},"end":{"line":15,"column":29}},"13":{"start":{"line":18,"column":0},"end":{"line":29,"column":2}},"14":{"start":{"line":19,"column":16},"end":{"line":19,"column":42}},"15":{"start":{"line":20,"column":24},"end":{"line":20,"column":48}},"16":{"start":{"line":21,"column":4},"end":{"line":23,"column":5}},"17":{"start":{"line":22,"column":8},"end":{"line":22,"column":25}},"18":{"start":{"line":24,"column":4},"end":{"line":28,"column":6}},"19":{"start":{"line":31,"column":0},"end":{"line":53,"column":2}},"20":{"start":{"line":32,"column":4},"end":{"line":34,"column":5}},"21":{"start":{"line":33,"column":8},"end":{"line":33,"column":24}},"22":{"start":{"line":35,"column":24},"end":{"line":35,"column":70}},"23":{"start":{"line":36,"column":4},"end":{"line":36,"column":38}},"24":{"start":{"line":36,"column":21},"end":{"line":36,"column":38}},"25":{"start":{"line":37,"column":18},"end":{"line":37,"column":29}},"26":{"start":{"line":38,"column":4},"end":{"line":38,"column":35}},"27":{"start":{"line":39,"column":4},"end":{"line":39,"column":62}},"28":{"start":{"line":40,"column":4},"end":{"line":42,"column":5}},"29":{"start":{"line":41,"column":8},"end":{"line":41,"column":35}},"30":{"start":{"line":43,"column":4},"end":{"line":45,"column":5}},"31":{"start":{"line":44,"column":8},"end":{"line":44,"column":39}},"32":{"start":{"line":46,"column":23},"end":{"line":46,"column":43}},"33":{"start":{"line":47,"column":4},"end":{"line":51,"column":7}},"34":{"start":{"line":55,"column":0},"end":{"line":84,"column":2}},"35":{"start":{"line":56,"column":4},"end":{"line":83,"column":5}},"36":{"start":{"line":57,"column":8},"end":{"line":59,"column":9}},"37":{"start":{"line":58,"column":12},"end":{"line":58,"column":29}},"38":{"start":{"line":61,"column":8},"end":{"line":63,"column":9}},"39":{"start":{"line":62,"column":12},"end":{"line":62,"column":28}},"40":{"start":{"line":64,"column":18},"end":{"line":64,"column":44}},"41":{"start":{"line":66,"column":28},"end":{"line":66,"column":52}},"42":{"start":{"line":67,"column":8},"end":{"line":69,"column":9}},"43":{"start":{"line":68,"column":12},"end":{"line":68,"column":28}},"44":{"start":{"line":70,"column":8},"end":{"line":72,"column":9}},"45":{"start":{"line":71,"column":12},"end":{"line":71,"column":47}},"46":{"start":{"line":73,"column":8},"end":{"line":75,"column":9}},"47":{"start":{"line":74,"column":12},"end":{"line":74,"column":74}},"48":{"start":{"line":76,"column":26},"end":{"line":76,"column":50}},"49":{"start":{"line":77,"column":8},"end":{"line":79,"column":9}},"50":{"start":{"line":78,"column":12},"end":{"line":78,"column":84}},"51":{"start":{"line":81,"column":8},"end":{"line":81,"column":24}},"52":{"start":{"line":82,"column":8},"end":{"line":82,"column":24}},"53":{"start":{"line":87,"column":0},"end":{"line":105,"column":2}},"54":{"start":{"line":88,"column":4},"end":{"line":104,"column":5}},"55":{"start":{"line":89,"column":8},"end":{"line":91,"column":9}},"56":{"start":{"line":90,"column":12},"end":{"line":90,"column":74}},"57":{"start":{"line":92,"column":20},"end":{"line":92,"column":46}},"58":{"start":{"line":94,"column":28},"end":{"line":94,"column":52}},"59":{"start":{"line":95,"column":8},"end":{"line":97,"column":9}},"60":{"start":{"line":96,"column":12},"end":{"line":96,"column":28}},"61":{"start":{"line":98,"column":28},"end":{"line":98,"column":51}},"62":{"start":{"line":99,"column":8},"end":{"line":99,"column":70}},"63":{"start":{"line":102,"column":8},"end":{"line":102,"column":24}},"64":{"start":{"line":103,"column":8},"end":{"line":103,"column":24}}},"fnMap":{"0":{"name":"(anonymous_0)","decl":{"start":{"line":7,"column":26},"end":{"line":7,"column":27}},"loc":{"start":{"line":7,"column":52},"end":{"line":16,"column":1}},"line":7},"1":{"name":"(anonymous_1)","decl":{"start":{"line":11,"column":30},"end":{"line":11,"column":31}},"loc":{"start":{"line":11,"column":42},"end":{"line":13,"column":5}},"line":11},"2":{"name":"(anonymous_2)","decl":{"start":{"line":18,"column":28},"end":{"line":18,"column":29}},"loc":{"start":{"line":18,"column":54},"end":{"line":29,"column":1}},"line":18},"3":{"name":"(anonymous_3)","decl":{"start":{"line":31,"column":26},"end":{"line":31,"column":27}},"loc":{"start":{"line":31,"column":52},"end":{"line":53,"column":1}},"line":31},"4":{"name":"(anonymous_4)","decl":{"start":{"line":55,"column":25},"end":{"line":55,"column":26}},"loc":{"start":{"line":55,"column":51},"end":{"line":84,"column":1}},"line":55},"5":{"name":"(anonymous_5)","decl":{"start":{"line":87,"column":28},"end":{"line":87,"column":29}},"loc":{"start":{"line":87,"column":54},"end":{"line":105,"column":1}},"line":87}},"branchMap":{"0":{"loc":{"start":{"line":8,"column":20},"end":{"line":8,"column":51}},"type":"binary-expr","locations":[{"start":{"line":8,"column":20},"end":{"line":8,"column":45}},{"start":{"line":8,"column":49},"end":{"line":8,"column":51}}],"line":8},"1":{"loc":{"start":{"line":9,"column":15},"end":{"line":9,"column":44}},"type":"binary-expr","locations":[{"start":{"line":9,"column":15},"end":{"line":9,"column":39}},{"start":{"line":9,"column":43},"end":{"line":9,"column":44}}],"line":9},"2":{"loc":{"start":{"line":21,"column":4},"end":{"line":23,"column":5}},"type":"if","locations":[{"start":{"line":21,"column":4},"end":{"line":23,"column":5}},{"start":{"line":21,"column":4},"end":{"line":23,"column":5}}],"line":21},"3":{"loc":{"start":{"line":32,"column":4},"end":{"line":34,"column":5}},"type":"if","locations":[{"start":{"line":32,"column":4},"end":{"line":34,"column":5}},{"start":{"line":32,"column":4},"end":{"line":34,"column":5}}],"line":32},"4":{"loc":{"start":{"line":32,"column":8},"end":{"line":32,"column":45}},"type":"binary-expr","locations":[{"start":{"line":32,"column":8},"end":{"line":32,"column":23}},{"start":{"line":32,"column":27},"end":{"line":32,"column":45}}],"line":32},"5":{"loc":{"start":{"line":36,"column":4},"end":{"line":36,"column":38}},"type":"if","locations":[{"start":{"line":36,"column":4},"end":{"line":36,"column":38}},{"start":{"line":36,"column":4},"end":{"line":36,"column":38}}],"line":36},"6":{"loc":{"start":{"line":40,"column":4},"end":{"line":42,"column":5}},"type":"if","locations":[{"start":{"line":40,"column":4},"end":{"line":42,"column":5}},{"start":{"line":40,"column":4},"end":{"line":42,"column":5}}],"line":40},"7":{"loc":{"start":{"line":43,"column":4},"end":{"line":45,"column":5}},"type":"if","locations":[{"start":{"line":43,"column":4},"end":{"line":45,"column":5}},{"start":{"line":43,"column":4},"end":{"line":45,"column":5}}],"line":43},"8":{"loc":{"start":{"line":43,"column":8},"end":{"line":43,"column":46}},"type":"binary-expr","locations":[{"start":{"line":43,"column":8},"end":{"line":43,"column":22}},{"start":{"line":43,"column":26},"end":{"line":43,"column":46}}],"line":43},"9":{"loc":{"start":{"line":57,"column":8},"end":{"line":59,"column":9}},"type":"if","locations":[{"start":{"line":57,"column":8},"end":{"line":59,"column":9}},{"start":{"line":57,"column":8},"end":{"line":59,"column":9}}],"line":57},"10":{"loc":{"start":{"line":57,"column":12},"end":{"line":57,"column":43}},"type":"binary-expr","locations":[{"start":{"line":57,"column":12},"end":{"line":57,"column":25}},{"start":{"line":57,"column":29},"end":{"line":57,"column":43}}],"line":57},"11":{"loc":{"start":{"line":61,"column":8},"end":{"line":63,"column":9}},"type":"if","locations":[{"start":{"line":61,"column":8},"end":{"line":63,"column":9}},{"start":{"line":61,"column":8},"end":{"line":63,"column":9}}],"line":61},"12":{"loc":{"start":{"line":61,"column":12},"end":{"line":61,"column":66}},"type":"binary-expr","locations":[{"start":{"line":61,"column":12},"end":{"line":61,"column":27}},{"start":{"line":61,"column":31},"end":{"line":61,"column":49}},{"start":{"line":61,"column":53},"end":{"line":61,"column":66}}],"line":61},"13":{"loc":{"start":{"line":67,"column":8},"end":{"line":69,"column":9}},"type":"if","locations":[{"start":{"line":67,"column":8},"end":{"line":69,"column":9}},{"start":{"line":67,"column":8},"end":{"line":69,"column":9}}],"line":67},"14":{"loc":{"start":{"line":70,"column":8},"end":{"line":72,"column":9}},"type":"if","locations":[{"start":{"line":70,"column":8},"end":{"line":72,"column":9}},{"start":{"line":70,"column":8},"end":{"line":72,"column":9}}],"line":70},"15":{"loc":{"start":{"line":73,"column":8},"end":{"line":75,"column":9}},"type":"if","locations":[{"start":{"line":73,"column":8},"end":{"line":75,"column":9}},{"start":{"line":73,"column":8},"end":{"line":75,"column":9}}],"line":73},"16":{"loc":{"start":{"line":77,"column":8},"end":{"line":79,"column":9}},"type":"if","locations":[{"start":{"line":77,"column":8},"end":{"line":79,"column":9}},{"start":{"line":77,"column":8},"end":{"line":79,"column":9}}],"line":77},"17":{"loc":{"start":{"line":89,"column":8},"end":{"line":91,"column":9}},"type":"if","locations":[{"start":{"line":89,"column":8},"end":{"line":91,"column":9}},{"start":{"line":89,"column":8},"end":{"line":91,"column":9}}],"line":89},"18":{"loc":{"start":{"line":89,"column":12},"end":{"line":89,"column":78}},"type":"binary-expr","locations":[{"start":{"line":89,"column":12},"end":{"line":89,"column":62}},{"start":{"line":89,"column":66},"end":{"line":89,"column":78}}],"line":89},"19":{"loc":{"start":{"line":95,"column":8},"end":{"line":97,"column":9}},"type":"if","locations":[{"start":{"line":95,"column":8},"end":{"line":97,"column":9}},{"start":{"line":95,"column":8},"end":{"line":97,"column":9}}],"line":95}},"s":{"0":1,"1":1,"2":1,"3":1,"4":1,"5":1,"6":1,"7":1,"8":1,"9":1,"10":1,"11":1,"12":1,"13":1,"14":4,"15":4,"16":4,"17":2,"18":2,"19":1,"20":18,"21":2,"22":16,"23":16,"24":1,"25":15,"26":15,"27":15,"28":15,"29":2,"30":15,"31":0,"32":15,"33":15,"34":1,"35":5,"36":5,"37":1,"38":4,"39":1,"40":3,"41":3,"42":2,"43":0,"44":2,"45":2,"46":2,"47":0,"48":2,"49":2,"50":2,"51":1,"52":1,"53":1,"54":2,"55":2,"56":0,"57":2,"58":2,"59":2,"60":0,"61":2,"62":2,"63":0,"64":0},"f":{"0":1,"1":1,"2":4,"3":18,"4":5,"5":2},"b":{"0":[1,0],"1":[1,0],"2":[2,2],"3":[2,16],"4":[18,16],"5":[1,15],"6":[2,13],"7":[0,15],"8":[15,0],"9":[1,4],"10":[5,5],"11":[1,3],"12":[4,1,1],"13":[0,2],"14":[2,0],"15":[0,2],"16":[2,0],"17":[0,2],"18":[2,1],"19":[0,2]},"_coverageSchema":"43e27e138ebf9cfc5966b082cf9a028302ed4184","hash":"5c7dd56e98f81ff7b667d3bb5f7782e6c89cf421"}
,"D:\\Documents\\LIM009-FE-burger-queen-api\\middleware\\auth.js": {"path":"D:\\Documents\\LIM009-FE-burger-queen-api\\middleware\\auth.js","statementMap":{"0":{"start":{"line":1,"column":12},"end":{"line":1,"column":35}},"1":{"start":{"line":2,"column":14},"end":{"line":2,"column":45}},"2":{"start":{"line":5,"column":0},"end":{"line":30,"column":2}},"3":{"start":{"line":5,"column":27},"end":{"line":30,"column":1}},"4":{"start":{"line":7,"column":30},"end":{"line":7,"column":41}},"5":{"start":{"line":9,"column":4},"end":{"line":11,"column":5}},"6":{"start":{"line":10,"column":8},"end":{"line":10,"column":22}},"7":{"start":{"line":13,"column":26},"end":{"line":13,"column":50}},"8":{"start":{"line":15,"column":4},"end":{"line":17,"column":5}},"9":{"start":{"line":16,"column":8},"end":{"line":16,"column":22}},"10":{"start":{"line":18,"column":4},"end":{"line":29,"column":7}},"11":{"start":{"line":19,"column":8},"end":{"line":21,"column":9}},"12":{"start":{"line":20,"column":12},"end":{"line":20,"column":29}},"13":{"start":{"line":23,"column":8},"end":{"line":28,"column":10}},"14":{"start":{"line":24,"column":12},"end":{"line":24,"column":46}},"15":{"start":{"line":24,"column":23},"end":{"line":24,"column":44}},"16":{"start":{"line":25,"column":12},"end":{"line":25,"column":36}},"17":{"start":{"line":26,"column":12},"end":{"line":26,"column":29}},"18":{"start":{"line":27,"column":12},"end":{"line":27,"column":19}},"19":{"start":{"line":32,"column":0},"end":{"line":36,"column":2}},"20":{"start":{"line":34,"column":4},"end":{"line":34,"column":37}},"21":{"start":{"line":38,"column":0},"end":{"line":41,"column":1}},"22":{"start":{"line":40,"column":4},"end":{"line":40,"column":59}},"23":{"start":{"line":44,"column":0},"end":{"line":48,"column":2}},"24":{"start":{"line":45,"column":4},"end":{"line":47,"column":10}},"25":{"start":{"line":51,"column":0},"end":{"line":58,"column":2}},"26":{"start":{"line":53,"column":4},"end":{"line":57,"column":10}},"27":{"start":{"line":61,"column":0},"end":{"line":66,"column":2}},"28":{"start":{"line":62,"column":4},"end":{"line":65,"column":14}}},"fnMap":{"0":{"name":"(anonymous_0)","decl":{"start":{"line":5,"column":17},"end":{"line":5,"column":18}},"loc":{"start":{"line":5,"column":27},"end":{"line":30,"column":1}},"line":5},"1":{"name":"(anonymous_1)","decl":{"start":{"line":5,"column":27},"end":{"line":5,"column":28}},"loc":{"start":{"line":5,"column":48},"end":{"line":30,"column":1}},"line":5},"2":{"name":"(anonymous_2)","decl":{"start":{"line":18,"column":30},"end":{"line":18,"column":31}},"loc":{"start":{"line":18,"column":53},"end":{"line":29,"column":5}},"line":18},"3":{"name":"(anonymous_3)","decl":{"start":{"line":23,"column":49},"end":{"line":23,"column":50}},"loc":{"start":{"line":23,"column":64},"end":{"line":28,"column":9}},"line":23},"4":{"name":"(anonymous_4)","decl":{"start":{"line":32,"column":33},"end":{"line":32,"column":34}},"loc":{"start":{"line":34,"column":4},"end":{"line":34,"column":37}},"line":34},"5":{"name":"(anonymous_5)","decl":{"start":{"line":38,"column":25},"end":{"line":38,"column":26}},"loc":{"start":{"line":38,"column":32},"end":{"line":41,"column":1}},"line":38},"6":{"name":"(anonymous_6)","decl":{"start":{"line":44,"column":29},"end":{"line":44,"column":30}},"loc":{"start":{"line":45,"column":4},"end":{"line":47,"column":10}},"line":45},"7":{"name":"(anonymous_7)","decl":{"start":{"line":51,"column":30},"end":{"line":51,"column":31}},"loc":{"start":{"line":53,"column":4},"end":{"line":57,"column":10}},"line":53},"8":{"name":"(anonymous_8)","decl":{"start":{"line":61,"column":36},"end":{"line":61,"column":37}},"loc":{"start":{"line":61,"column":57},"end":{"line":66,"column":1}},"line":61}},"branchMap":{"0":{"loc":{"start":{"line":9,"column":4},"end":{"line":11,"column":5}},"type":"if","locations":[{"start":{"line":9,"column":4},"end":{"line":11,"column":5}},{"start":{"line":9,"column":4},"end":{"line":11,"column":5}}],"line":9},"1":{"loc":{"start":{"line":15,"column":4},"end":{"line":17,"column":5}},"type":"if","locations":[{"start":{"line":15,"column":4},"end":{"line":17,"column":5}},{"start":{"line":15,"column":4},"end":{"line":17,"column":5}}],"line":15},"2":{"loc":{"start":{"line":19,"column":8},"end":{"line":21,"column":9}},"type":"if","locations":[{"start":{"line":19,"column":8},"end":{"line":21,"column":9}},{"start":{"line":19,"column":8},"end":{"line":21,"column":9}}],"line":19},"3":{"loc":{"start":{"line":24,"column":12},"end":{"line":24,"column":46}},"type":"if","locations":[{"start":{"line":24,"column":12},"end":{"line":24,"column":46}},{"start":{"line":24,"column":12},"end":{"line":24,"column":46}}],"line":24},"4":{"loc":{"start":{"line":34,"column":4},"end":{"line":34,"column":37}},"type":"cond-expr","locations":[{"start":{"line":34,"column":25},"end":{"line":34,"column":29}},{"start":{"line":34,"column":32},"end":{"line":34,"column":37}}],"line":34},"5":{"loc":{"start":{"line":40,"column":11},"end":{"line":40,"column":59}},"type":"binary-expr","locations":[{"start":{"line":40,"column":11},"end":{"line":40,"column":27}},{"start":{"line":40,"column":31},"end":{"line":40,"column":59}}],"line":40},"6":{"loc":{"start":{"line":45,"column":4},"end":{"line":47,"column":10}},"type":"cond-expr","locations":[{"start":{"line":46,"column":4},"end":{"line":46,"column":13}},{"start":{"line":47,"column":4},"end":{"line":47,"column":10}}],"line":45},"7":{"loc":{"start":{"line":53,"column":4},"end":{"line":57,"column":10}},"type":"cond-expr","locations":[{"start":{"line":54,"column":4},"end":{"line":54,"column":13}},{"start":{"line":55,"column":4},"end":{"line":57,"column":10}}],"line":53},"8":{"loc":{"start":{"line":55,"column":4},"end":{"line":57,"column":10}},"type":"cond-expr","locations":[{"start":{"line":56,"column":4},"end":{"line":56,"column":13}},{"start":{"line":57,"column":4},"end":{"line":57,"column":10}}],"line":55},"9":{"loc":{"start":{"line":62,"column":4},"end":{"line":65,"column":14}},"type":"cond-expr","locations":[{"start":{"line":63,"column":4},"end":{"line":63,"column":13}},{"start":{"line":63,"column":15},"end":{"line":65,"column":14}}],"line":62},"10":{"loc":{"start":{"line":63,"column":15},"end":{"line":65,"column":14}},"type":"cond-expr","locations":[{"start":{"line":64,"column":8},"end":{"line":64,"column":17}},{"start":{"line":65,"column":8},"end":{"line":65,"column":14}}],"line":63},"11":{"loc":{"start":{"line":63,"column":16},"end":{"line":63,"column":146}},"type":"binary-expr","locations":[{"start":{"line":63,"column":16},"end":{"line":63,"column":44}},{"start":{"line":63,"column":48},"end":{"line":63,"column":146}}],"line":63},"12":{"loc":{"start":{"line":63,"column":50},"end":{"line":63,"column":145}},"type":"binary-expr","locations":[{"start":{"line":63,"column":50},"end":{"line":63,"column":100}},{"start":{"line":63,"column":104},"end":{"line":63,"column":145}}],"line":63}},"s":{"0":1,"1":1,"2":1,"3":0,"4":0,"5":0,"6":0,"7":0,"8":0,"9":0,"10":0,"11":0,"12":0,"13":0,"14":0,"15":0,"16":0,"17":0,"18":0,"19":1,"20":0,"21":1,"22":7,"23":1,"24":0,"25":1,"26":0,"27":1,"28":0},"f":{"0":0,"1":0,"2":0,"3":0,"4":0,"5":7,"6":0,"7":0,"8":0},"b":{"0":[0,0],"1":[0,0],"2":[0,0],"3":[0,0],"4":[0,0],"5":[7,7],"6":[0,0],"7":[0,0],"8":[0,0],"9":[0,0],"10":[0,0],"11":[0,0],"12":[0,0]},"_coverageSchema":"43e27e138ebf9cfc5966b082cf9a028302ed4184","hash":"ad2d902d9730e85d67677f2074455afc91893758"}
,"D:\\Documents\\LIM009-FE-burger-queen-api\\models\\modelProducts.js": {"path":"D:\\Documents\\LIM009-FE-burger-queen-api\\models\\modelProducts.js","statementMap":{"0":{"start":{"line":1,"column":17},"end":{"line":1,"column":36}},"1":{"start":{"line":2,"column":15},"end":{"line":2,"column":30}},"2":{"start":{"line":4,"column":17},"end":{"line":26,"column":2}},"3":{"start":{"line":28,"column":0},"end":{"line":28,"column":54}}},"fnMap":{},"branchMap":{},"s":{"0":1,"1":1,"2":1,"3":1},"f":{},"b":{},"_coverageSchema":"43e27e138ebf9cfc5966b082cf9a028302ed4184","hash":"a177de451d8fae974811764376ef42a4046950c2"}
,"D:\\Documents\\LIM009-FE-burger-queen-api\\models\\modelUsers.js": {"path":"D:\\Documents\\LIM009-FE-burger-queen-api\\models\\modelUsers.js","statementMap":{"0":{"start":{"line":1,"column":17},"end":{"line":1,"column":36}},"1":{"start":{"line":2,"column":15},"end":{"line":2,"column":30}},"2":{"start":{"line":5,"column":14},"end":{"line":21,"column":2}},"3":{"start":{"line":23,"column":0},"end":{"line":23,"column":48}}},"fnMap":{},"branchMap":{},"s":{"0":1,"1":1,"2":1,"3":1},"f":{},"b":{},"_coverageSchema":"43e27e138ebf9cfc5966b082cf9a028302ed4184","hash":"ef4fa1f29185ccfa2aaf4bfac83fdc4363141f69"}
,"D:\\Documents\\LIM009-FE-burger-queen-api\\utils\\pagination.js": {"path":"D:\\Documents\\LIM009-FE-burger-queen-api\\utils\\pagination.js","statementMap":{"0":{"start":{"line":1,"column":0},"end":{"line":7,"column":1}},"1":{"start":{"line":2,"column":17},"end":{"line":2,"column":97}},"2":{"start":{"line":3,"column":17},"end":{"line":3,"column":67}},"3":{"start":{"line":4,"column":18},"end":{"line":4,"column":62}},"4":{"start":{"line":5,"column":17},"end":{"line":5,"column":66}},"5":{"start":{"line":6,"column":4},"end":{"line":6,"column":131}}},"fnMap":{"0":{"name":"(anonymous_0)","decl":{"start":{"line":1,"column":17},"end":{"line":1,"column":18}},"loc":{"start":{"line":1,"column":47},"end":{"line":7,"column":1}},"line":1}},"branchMap":{"0":{"loc":{"start":{"line":2,"column":40},"end":{"line":2,"column":95}},"type":"cond-expr","locations":[{"start":{"line":2,"column":62},"end":{"line":2,"column":68}},{"start":{"line":2,"column":70},"end":{"line":2,"column":95}}],"line":2},"1":{"loc":{"start":{"line":4,"column":41},"end":{"line":4,"column":60}},"type":"cond-expr","locations":[{"start":{"line":4,"column":52},"end":{"line":4,"column":53}},{"start":{"line":4,"column":56},"end":{"line":4,"column":60}}],"line":4},"2":{"loc":{"start":{"line":5,"column":40},"end":{"line":5,"column":64}},"type":"cond-expr","locations":[{"start":{"line":5,"column":52},"end":{"line":5,"column":60}},{"start":{"line":5,"column":63},"end":{"line":5,"column":64}}],"line":5}},"s":{"0":2,"1":2,"2":2,"3":2,"4":2,"5":2},"f":{"0":2},"b":{"0":[0,2],"1":[0,2],"2":[0,2]},"_coverageSchema":"43e27e138ebf9cfc5966b082cf9a028302ed4184","hash":"5316da98bcbcaea778fdc946316476d474bdf3cd"}
,"D:\\Documents\\LIM009-FE-burger-queen-api\\utils\\utils.js": {"path":"D:\\Documents\\LIM009-FE-burger-queen-api\\utils\\utils.js","statementMap":{"0":{"start":{"line":1,"column":0},"end":{"line":9,"column":1}},"1":{"start":{"line":2,"column":14},"end":{"line":2,"column":26}},"2":{"start":{"line":3,"column":4},"end":{"line":7,"column":5}},"3":{"start":{"line":4,"column":8},"end":{"line":4,"column":24}},"4":{"start":{"line":6,"column":8},"end":{"line":6,"column":26}},"5":{"start":{"line":8,"column":4},"end":{"line":8,"column":14}}},"fnMap":{"0":{"name":"(anonymous_0)","decl":{"start":{"line":1,"column":28},"end":{"line":1,"column":29}},"loc":{"start":{"line":1,"column":39},"end":{"line":9,"column":1}},"line":1}},"branchMap":{"0":{"loc":{"start":{"line":3,"column":4},"end":{"line":7,"column":5}},"type":"if","locations":[{"start":{"line":3,"column":4},"end":{"line":7,"column":5}},{"start":{"line":3,"column":4},"end":{"line":7,"column":5}}],"line":3}},"s":{"0":1,"1":9,"2":9,"3":6,"4":3,"5":9},"f":{"0":9},"b":{"0":[6,3]},"_coverageSchema":"43e27e138ebf9cfc5966b082cf9a028302ed4184","hash":"b17304b9862f6a7c122b46d712fbfee7b118cf03"}
}
