TN:
SF:D:\Documents\LIM009-FE-burger-queen-api\controllers\products.js
FN:4,(anonymous_0)
FN:8,(anonymous_1)
FN:15,(anonymous_2)
FN:16,(anonymous_3)
FN:24,(anonymous_4)
FN:47,(anonymous_5)
FN:51,(anonymous_6)
FN:67,(anonymous_7)
FN:76,(anonymous_8)
FN:77,(anonymous_9)
FNF:10
FNH:7
FNDA:1,(anonymous_0)
FNDA:1,(anonymous_1)
FNDA:2,(anonymous_2)
FNDA:2,(anonymous_3)
FNDA:6,(anonymous_4)
FNDA:2,(anonymous_5)
FNDA:1,(anonymous_6)
FNDA:0,(anonymous_7)
FNDA:0,(anonymous_8)
FNDA:0,(anonymous_9)
DA:1,1
DA:2,1
DA:4,1
DA:5,1
DA:6,1
DA:7,1
DA:8,1
DA:9,1
DA:11,1
DA:12,1
DA:15,1
DA:16,2
DA:17,2
DA:18,2
DA:20,0
DA:24,1
DA:25,6
DA:26,6
DA:27,2
DA:31,4
DA:38,4
DA:39,4
DA:42,0
DA:47,1
DA:48,2
DA:49,1
DA:51,1
DA:52,1
DA:53,1
DA:55,0
DA:56,0
DA:58,0
DA:59,0
DA:61,0
DA:62,0
DA:64,0
DA:65,0
DA:67,0
DA:68,0
DA:69,0
DA:71,0
DA:76,1
DA:77,0
DA:78,0
DA:79,0
DA:82,0
LF:46
LH:28
BRDA:5,0,0,1
BRDA:5,0,1,0
BRDA:6,1,0,1
BRDA:6,1,1,0
BRDA:17,2,0,2
BRDA:17,2,1,0
BRDA:17,3,0,2
BRDA:17,3,1,1
BRDA:26,4,0,2
BRDA:26,4,1,4
BRDA:26,5,0,6
BRDA:26,5,1,5
BRDA:48,6,0,1
BRDA:48,6,1,1
BRDA:52,7,0,1
BRDA:52,7,1,0
BRDA:55,8,0,0
BRDA:55,8,1,0
BRDA:58,9,0,0
BRDA:58,9,1,0
BRDA:61,10,0,0
BRDA:61,10,1,0
BRDA:64,11,0,0
BRDA:64,11,1,0
BRDA:68,12,0,0
BRDA:68,12,1,0
BRDA:78,13,0,0
BRDA:78,13,1,0
BRF:28
BRH:12
end_of_record
TN:
SF:D:\Documents\LIM009-FE-burger-queen-api\controllers\users.js
FN:7,(anonymous_0)
FN:11,(anonymous_1)
FN:18,(anonymous_2)
FN:31,(anonymous_3)
FN:55,(anonymous_4)
FN:87,(anonymous_5)
FNF:6
FNH:6
FNDA:1,(anonymous_0)
FNDA:1,(anonymous_1)
FNDA:4,(anonymous_2)
FNDA:18,(anonymous_3)
FNDA:5,(anonymous_4)
FNDA:2,(anonymous_5)
DA:1,1
DA:2,1
DA:3,1
DA:4,1
DA:5,1
DA:7,1
DA:8,1
DA:9,1
DA:10,1
DA:11,1
DA:12,1
DA:14,1
DA:15,1
DA:18,1
DA:19,4
DA:20,4
DA:21,4
DA:22,2
DA:24,2
DA:31,1
DA:32,18
DA:33,2
DA:35,16
DA:36,16
DA:37,15
DA:38,15
DA:39,15
DA:40,15
DA:41,2
DA:43,15
DA:44,0
DA:46,15
DA:47,15
DA:55,1
DA:56,5
DA:57,5
DA:58,1
DA:61,4
DA:62,1
DA:64,3
DA:66,3
DA:67,2
DA:68,0
DA:70,2
DA:71,2
DA:73,2
DA:74,0
DA:76,2
DA:77,2
DA:78,2
DA:81,1
DA:82,1
DA:87,1
DA:88,2
DA:89,2
DA:90,0
DA:92,2
DA:94,2
DA:95,2
DA:96,0
DA:98,2
DA:99,2
DA:102,0
DA:103,0
LF:64
LH:57
BRDA:8,0,0,1
BRDA:8,0,1,0
BRDA:9,1,0,1
BRDA:9,1,1,0
BRDA:21,2,0,2
BRDA:21,2,1,2
BRDA:32,3,0,2
BRDA:32,3,1,16
BRDA:32,4,0,18
BRDA:32,4,1,16
BRDA:36,5,0,1
BRDA:36,5,1,15
BRDA:40,6,0,2
BRDA:40,6,1,13
BRDA:43,7,0,0
BRDA:43,7,1,15
BRDA:43,8,0,15
BRDA:43,8,1,0
BRDA:57,9,0,1
BRDA:57,9,1,4
BRDA:57,10,0,5
BRDA:57,10,1,5
BRDA:61,11,0,1
BRDA:61,11,1,3
BRDA:61,12,0,4
BRDA:61,12,1,1
BRDA:61,12,2,1
BRDA:67,13,0,0
BRDA:67,13,1,2
BRDA:70,14,0,2
BRDA:70,14,1,0
BRDA:73,15,0,0
BRDA:73,15,1,2
BRDA:77,16,0,2
BRDA:77,16,1,0
BRDA:89,17,0,0
BRDA:89,17,1,2
BRDA:89,18,0,2
BRDA:89,18,1,1
BRDA:95,19,0,0
BRDA:95,19,1,2
BRF:41
BRH:31
end_of_record
TN:
SF:D:\Documents\LIM009-FE-burger-queen-api\middleware\auth.js
FN:5,(anonymous_0)
FN:5,(anonymous_1)
FN:18,(anonymous_2)
FN:23,(anonymous_3)
FN:32,(anonymous_4)
FN:38,(anonymous_5)
FN:44,(anonymous_6)
FN:51,(anonymous_7)
FN:61,(anonymous_8)
FNF:9
FNH:1
FNDA:0,(anonymous_0)
FNDA:0,(anonymous_1)
FNDA:0,(anonymous_2)
FNDA:0,(anonymous_3)
FNDA:0,(anonymous_4)
FNDA:7,(anonymous_5)
FNDA:0,(anonymous_6)
FNDA:0,(anonymous_7)
FNDA:0,(anonymous_8)
DA:1,1
DA:2,1
DA:5,1
DA:7,0
DA:9,0
DA:10,0
DA:13,0
DA:15,0
DA:16,0
DA:18,0
DA:19,0
DA:20,0
DA:23,0
DA:24,0
DA:25,0
DA:26,0
DA:27,0
DA:32,1
DA:34,0
DA:38,1
DA:40,7
DA:44,1
DA:45,0
DA:51,1
DA:53,0
DA:61,1
DA:62,0
LF:27
LH:9
BRDA:9,0,0,0
BRDA:9,0,1,0
BRDA:15,1,0,0
BRDA:15,1,1,0
BRDA:19,2,0,0
BRDA:19,2,1,0
BRDA:24,3,0,0
BRDA:24,3,1,0
BRDA:34,4,0,0
BRDA:34,4,1,0
BRDA:40,5,0,7
BRDA:40,5,1,7
BRDA:45,6,0,0
BRDA:45,6,1,0
BRDA:53,7,0,0
BRDA:53,7,1,0
BRDA:55,8,0,0
BRDA:55,8,1,0
BRDA:62,9,0,0
BRDA:62,9,1,0
BRDA:63,10,0,0
BRDA:63,10,1,0
BRDA:63,11,0,0
BRDA:63,11,1,0
BRDA:63,12,0,0
BRDA:63,12,1,0
BRF:26
BRH:2
end_of_record
TN:
SF:D:\Documents\LIM009-FE-burger-queen-api\models\modelProducts.js
FNF:0
FNH:0
DA:1,1
DA:2,1
DA:4,1
DA:28,1
LF:4
LH:4
BRF:0
BRH:0
end_of_record
TN:
SF:D:\Documents\LIM009-FE-burger-queen-api\models\modelUsers.js
FNF:0
FNH:0
DA:1,1
DA:2,1
DA:5,1
DA:23,1
LF:4
LH:4
BRF:0
BRH:0
end_of_record
TN:
SF:D:\Documents\LIM009-FE-burger-queen-api\utils\pagination.js
FN:1,(anonymous_0)
FNF:1
FNH:1
FNDA:2,(anonymous_0)
DA:1,2
DA:2,2
DA:3,2
DA:4,2
DA:5,2
DA:6,2
LF:6
LH:6
BRDA:2,0,0,0
BRDA:2,0,1,2
BRDA:4,1,0,0
BRDA:4,1,1,2
BRDA:5,2,0,0
BRDA:5,2,1,2
BRF:6
BRH:3
end_of_record
TN:
SF:D:\Documents\LIM009-FE-burger-queen-api\utils\utils.js
FN:1,(anonymous_0)
FNF:1
FNH:1
FNDA:9,(anonymous_0)
DA:1,1
DA:2,9
DA:3,9
DA:4,6
DA:6,3
DA:8,9
LF:6
LH:6
BRDA:3,0,0,6
BRDA:3,0,1,3
BRF:2
BRH:2
end_of_record
