TN:
SF:/home/mayte/LIM009-FE-burger-queen-api/controllers/products.js
FN:4,(anonymous_0)
FN:8,(anonymous_1)
FN:15,(anonymous_2)
FN:16,(anonymous_3)
FN:24,(anonymous_4)
FN:44,(anonymous_5)
FN:75,(anonymous_6)
FNF:7
FNH:7
FNDA:1,(anonymous_0)
FNDA:1,(anonymous_1)
FNDA:2,(anonymous_2)
FNDA:2,(anonymous_3)
FNDA:8,(anonymous_4)
FNDA:4,(anonymous_5)
FNDA:2,(anonymous_6)
DA:1,1
DA:2,1
DA:4,1
DA:5,1
DA:6,1
DA:7,1
DA:8,1
DA:9,1
DA:11,1
DA:12,1
DA:15,1
DA:16,2
DA:17,2
DA:18,2
DA:20,0
DA:24,1
DA:25,8
DA:26,8
DA:27,2
DA:30,6
DA:36,6
DA:37,6
DA:39,0
DA:44,1
DA:45,4
DA:46,4
DA:47,1
DA:50,3
DA:51,2
DA:55,2
DA:56,1
DA:58,2
DA:59,1
DA:61,2
DA:62,1
DA:64,2
DA:65,1
DA:67,2
DA:68,1
DA:70,2
DA:71,1
DA:75,1
DA:76,2
DA:77,2
DA:78,1
DA:83,1
LF:46
LH:44
BRDA:5,0,0,1
BRDA:5,0,1,0
BRDA:6,1,0,1
BRDA:6,1,1,0
BRDA:17,2,0,2
BRDA:17,2,1,0
BRDA:17,3,0,2
BRDA:17,3,1,0
BRDA:26,4,0,2
BRDA:26,4,1,6
BRDA:26,5,0,8
BRDA:26,5,1,7
BRDA:46,6,0,1
BRDA:46,6,1,3
BRDA:46,7,0,4
BRDA:46,7,1,4
BRDA:55,8,0,1
BRDA:55,8,1,1
BRDA:58,9,0,1
BRDA:58,9,1,1
BRDA:61,10,0,1
BRDA:61,10,1,1
BRDA:64,11,0,1
BRDA:64,11,1,1
BRDA:70,12,0,1
BRDA:70,12,1,1
BRF:26
BRH:22
end_of_record
TN:
SF:/home/mayte/LIM009-FE-burger-queen-api/models/modelProducts.js
FNF:0
FNH:0
DA:1,1
DA:2,1
DA:4,1
DA:28,1
LF:4
LH:4
BRF:0
BRH:0
end_of_record
TN:
SF:/home/mayte/LIM009-FE-burger-queen-api/utils/pagination.js
FN:1,(anonymous_0)
FNF:1
FNH:1
FNDA:1,(anonymous_0)
DA:1,1
DA:2,1
DA:3,1
DA:4,1
DA:5,1
DA:6,1
LF:6
LH:6
BRDA:2,0,0,0
BRDA:2,0,1,1
BRDA:4,1,0,0
BRDA:4,1,1,1
BRDA:5,2,0,0
BRDA:5,2,1,1
BRF:6
BRH:3
end_of_record
